
> mb-digital@0.1.0 build
> next build

▲ Next.js 16.1.6 (Turbopack)
- Environments: .env.local

  Creating an optimized production build ...
\n
> Build error occurred
Error: Turbopack build failed with 1 errors:
./app/globals.css
Error evaluating Node.js code
Error: Cannot find module 'tailwindcss'
Require stack:
- Y:\Mariabrunn Digital\mb-digital\.next\build\chunks\[root-of-the-server]__51225daf._.js
- Y:\Mariabrunn Digital\mb-digital\.next\build\chunks\[turbopack]_runtime.js
- Y:\Mariabrunn Digital\mb-digital\.next\build\postcss.js
    [at Module._resolveFilename (node:internal/modules/cjs/loader:1421:15)]
    [at defaultResolveImpl (node:internal/modules/cjs/loader:1059:19)]
    [at resolveForCJSWithHooks (node:internal/modules/cjs/loader:1064:22)]
    [at Module._load (node:internal/modules/cjs/loader:1227:37)]
    [at TracingChannel.traceSync (node:diagnostics_channel:328:14)]
    [at wrapModuleLoad (node:internal/modules/cjs/loader:245:24)]
    [at Module.require (node:internal/modules/cjs/loader:1504:12)]
    [at require (node:internal/modules/helpers:152:16)]
    at turbopack:///[turbopack-node]/transforms/postcss.ts:49:25 [Y:\Mariabrunn Digital\mb-digital\.next\build\chunks\[root-of-the-server]__51225daf._.js:135:33]
    [at <anonymous>]

Import trace:
  Client Component Browser:
    ./app/globals.css [Client Component Browser]
    ./app/layout.tsx [Server Component]


    at ignore-listed frames
